Made a Neuron!
Made a Neuron!
Made a Neuron!
Made a Neuron!
Made a Neuron!
Made a Neuron!
Made a Neuron!
Made a Neuron!
Made a Neuron!
Made a Neuron!
Made a Neuron!
Made a Neuron!

1,9
4,8
# # # # # # # # # # # # # # # # # # # # # # 
# . . . . . . . . . . . . . . . . . . . . # 
# . . . . . . . . . o . . . . . . . . . . # 
# . . . . . . . . . . . . . . . . . . . . # 
# . . . . . . . . . . . . . . . . . . . . # 
# . . . . . . . . x . . . . . . . . . . . # 
# . . . . . . . . . . . . . . . . . . . . # 
# . . . . . . . . . . . . . . . . . . . . # 
# . . . . . . . . . . . . . . . . . . . . # 
# . . . . . . . . . . . . . . . . . . . . # 
# . . . . . . . . . . . . . . . . . . . . # 
# . . . . . . . . . . . . . . . . . . . . # 
# . . . . . . . . . . . . . . . . . . . . # 
# . . . . . . . . . . . . . . . . . . . . # 
# . . . . . . . . . . . . . . . . . . . . # 
# . . . . . . . . . . . . . . . . . . . . # 
# . . . . . . . . . . . . . . . . . . . . # 
# . . . . . . . . . . . . . . . . . . . . # 
# . . . . . . . . . . . . . . . . . . . . # 
# . . . . . . . . . . . . . . . . . . . . # 
# . . . . . . . . . . . . . . . . . . . . # 
# # # # # # # # # # # # # # # # # # # # # # 

1,9
5,9
# # # # # # # # # # # # # # # # # # # # # # 
# . . . . . . . . . . . . . . . . . . . . # 
# . . . . . . . . . o . . . . . . . . . . # 
# . . . . . . . . . . . . . . . . . . . . # 
# . . . . . . . . . . . . . . . . . . . . # 
# . . . . . . . . . . . . . . . . . . . . # 
# . . . . . . . . . x . . . . . . . . . . # 
# . . . . . . . . . . . . . . . . . . . . # 
# . . . . . . . . . . . . . . . . . . . . # 
# . . . . . . . . . . . . . . . . . . . . # 
# . . . . . . . . . . . . . . . . . . . . # 
# . . . . . . . . . . . . . . . . . . . . # 
# . . . . . . . . . . . . . . . . . . . . # 
# . . . . . . . . . . . . . . . . . . . . # 
# . . . . . . . . . . . . . . . . . . . . # 
# . . . . . . . . . . . . . . . . . . . . # 
# . . . . . . . . . . . . . . . . . . . . # 
# . . . . . . . . . . . . . . . . . . . . # 
# . . . . . . . . . . . . . . . . . . . . # 
# . . . . . . . . . . . . . . . . . . . . # 
# . . . . . . . . . . . . . . . . . . . . # 
# # # # # # # # # # # # # # # # # # # # # # 
Nueral Output : 0.923909,0.749456

2,10
5,9
# # # # # # # # # # # # # # # # # # # # # # 
# . . . . . . . . . . . . . . . . . . . . # 
# . . . . . . . . . . . . . . . . . . . . # 
# . . . . . . . . . . o . . . . . . . . . # 
# . . . . . . . . . . . . . . . . . . . . # 
# . . . . . . . . . . . . . . . . . . . . # 
# . . . . . . . . . x . . . . . . . . . . # 
# . . . . . . . . . . . . . . . . . . . . # 
# . . . . . . . . . . . . . . . . . . . . # 
# . . . . . . . . . . . . . . . . . . . . # 
# . . . . . . . . . . . . . . . . . . . . # 
# . . . . . . . . . . . . . . . . . . . . # 
# . . . . . . . . . . . . . . . . . . . . # 
# . . . . . . . . . . . . . . . . . . . . # 
# . . . . . . . . . . . . . . . . . . . . # 
# . . . . . . . . . . . . . . . . . . . . # 
# . . . . . . . . . . . . . . . . . . . . # 
# . . . . . . . . . . . . . . . . . . . . # 
# . . . . . . . . . . . . . . . . . . . . # 
# . . . . . . . . . . . . . . . . . . . . # 
# . . . . . . . . . . . . . . . . . . . . # 
# # # # # # # # # # # # # # # # # # # # # # 

2,10
4,8
# # # # # # # # # # # # # # # # # # # # # # 
# . . . . . . . . . . . . . . . . . . . . # 
# . . . . . . . . . . . . . . . . . . . . # 
# . . . . . . . . . . o . . . . . . . . . # 
# . . . . . . . . . . . . . . . . . . . . # 
# . . . . . . . . x . . . . . . . . . . . # 
# . . . . . . . . . . . . . . . . . . . . # 
# . . . . . . . . . . . . . . . . . . . . # 
# . . . . . . . . . . . . . . . . . . . . # 
# . . . . . . . . . . . . . . . . . . . . # 
# . . . . . . . . . . . . . . . . . . . . # 
# . . . . . . . . . . . . . . . . . . . . # 
# . . . . . . . . . . . . . . . . . . . . # 
# . . . . . . . . . . . . . . . . . . . . # 
# . . . . . . . . . . . . . . . . . . . . # 
# . . . . . . . . . . . . . . . . . . . . # 
# . . . . . . . . . . . . . . . . . . . . # 
# . . . . . . . . . . . . . . . . . . . . # 
# . . . . . . . . . . . . . . . . . . . . # 
# . . . . . . . . . . . . . . . . . . . . # 
# . . . . . . . . . . . . . . . . . . . . # 
# # # # # # # # # # # # # # # # # # # # # # 
Nueral Output : 0.923732,0.748969

3,11
4,8
# # # # # # # # # # # # # # # # # # # # # # 
# . . . . . . . . . . . . . . . . . . . . # 
# . . . . . . . . . . . . . . . . . . . . # 
# . . . . . . . . . . . . . . . . . . . . # 
# . . . . . . . . . . . o . . . . . . . . # 
# . . . . . . . . x . . . . . . . . . . . # 
# . . . . . . . . . . . . . . . . . . . . # 
# . . . . . . . . . . . . . . . . . . . . # 
# . . . . . . . . . . . . . . . . . . . . # 
# . . . . . . . . . . . . . . . . . . . . # 
# . . . . . . . . . . . . . . . . . . . . # 
# . . . . . . . . . . . . . . . . . . . . # 
# . . . . . . . . . . . . . . . . . . . . # 
# . . . . . . . . . . . . . . . . . . . . # 
# . . . . . . . . . . . . . . . . . . . . # 
# . . . . . . . . . . . . . . . . . . . . # 
# . . . . . . . . . . . . . . . . . . . . # 
# . . . . . . . . . . . . . . . . . . . . # 
# . . . . . . . . . . . . . . . . . . . . # 
# . . . . . . . . . . . . . . . . . . . . # 
# . . . . . . . . . . . . . . . . . . . . # 
# # # # # # # # # # # # # # # # # # # # # # 

3,11
5,9
# # # # # # # # # # # # # # # # # # # # # # 
# . . . . . . . . . . . . . . . . . . . . # 
# . . . . . . . . . . . . . . . . . . . . # 
# . . . . . . . . . . . . . . . . . . . . # 
# . . . . . . . . . . . o . . . . . . . . # 
# . . . . . . . . . . . . . . . . . . . . # 
# . . . . . . . . . x . . . . . . . . . . # 
# . . . . . . . . . . . . . . . . . . . . # 
# . . . . . . . . . . . . . . . . . . . . # 
# . . . . . . . . . . . . . . . . . . . . # 
# . . . . . . . . . . . . . . . . . . . . # 
# . . . . . . . . . . . . . . . . . . . . # 
# . . . . . . . . . . . . . . . . . . . . # 
# . . . . . . . . . . . . . . . . . . . . # 
# . . . . . . . . . . . . . . . . . . . . # 
# . . . . . . . . . . . . . . . . . . . . # 
# . . . . . . . . . . . . . . . . . . . . # 
# . . . . . . . . . . . . . . . . . . . . # 
# . . . . . . . . . . . . . . . . . . . . # 
# . . . . . . . . . . . . . . . . . . . . # 
# . . . . . . . . . . . . . . . . . . . . # 
# # # # # # # # # # # # # # # # # # # # # # 
Nueral Output : 0.924331,0.750619

4,12
5,9
# # # # # # # # # # # # # # # # # # # # # # 
# . . . . . . . . . . . . . . . . . . . . # 
# . . . . . . . . . . . . . . . . . . . . # 
# . . . . . . . . . . . . . . . . . . . . # 
# . . . . . . . . . . . . . . . . . . . . # 
# . . . . . . . . . . . . o . . . . . . . # 
# . . . . . . . . . x . . . . . . . . . . # 
# . . . . . . . . . . . . . . . . . . . . # 
# . . . . . . . . . . . . . . . . . . . . # 
# . . . . . . . . . . . . . . . . . . . . # 
# . . . . . . . . . . . . . . . . . . . . # 
# . . . . . . . . . . . . . . . . . . . . # 
# . . . . . . . . . . . . . . . . . . . . # 
# . . . . . . . . . . . . . . . . . . . . # 
# . . . . . . . . . . . . . . . . . . . . # 
# . . . . . . . . . . . . . . . . . . . . # 
# . . . . . . . . . . . . . . . . . . . . # 
# . . . . . . . . . . . . . . . . . . . . # 
# . . . . . . . . . . . . . . . . . . . . # 
# . . . . . . . . . . . . . . . . . . . . # 
# . . . . . . . . . . . . . . . . . . . . # 
# # # # # # # # # # # # # # # # # # # # # # 

4,12
6,9
# # # # # # # # # # # # # # # # # # # # # # 
# . . . . . . . . . . . . . . . . . . . . # 
# . . . . . . . . . . . . . . . . . . . . # 
# . . . . . . . . . . . . . . . . . . . . # 
# . . . . . . . . . . . . . . . . . . . . # 
# . . . . . . . . . . . . o . . . . . . . # 
# . . . . . . . . . . . . . . . . . . . . # 
# . . . . . . . . . x . . . . . . . . . . # 
# . . . . . . . . . . . . . . . . . . . . # 
# . . . . . . . . . . . . . . . . . . . . # 
# . . . . . . . . . . . . . . . . . . . . # 
# . . . . . . . . . . . . . . . . . . . . # 
# . . . . . . . . . . . . . . . . . . . . # 
# . . . . . . . . . . . . . . . . . . . . # 
# . . . . . . . . . . . . . . . . . . . . # 
# . . . . . . . . . . . . . . . . . . . . # 
# . . . . . . . . . . . . . . . . . . . . # 
# . . . . . . . . . . . . . . . . . . . . # 
# . . . . . . . . . . . . . . . . . . . . # 
# . . . . . . . . . . . . . . . . . . . . # 
# . . . . . . . . . . . . . . . . . . . . # 
# # # # # # # # # # # # # # # # # # # # # # 
Nueral Output : 0.924589,0.751329

5,13
6,9
# # # # # # # # # # # # # # # # # # # # # # 
# . . . . . . . . . . . . . . . . . . . . # 
# . . . . . . . . . . . . . . . . . . . . # 
# . . . . . . . . . . . . . . . . . . . . # 
# . . . . . . . . . . . . . . . . . . . . # 
# . . . . . . . . . . . . . . . . . . . . # 
# . . . . . . . . . . . . . o . . . . . . # 
# . . . . . . . . . x . . . . . . . . . . # 
# . . . . . . . . . . . . . . . . . . . . # 
# . . . . . . . . . . . . . . . . . . . . # 
# . . . . . . . . . . . . . . . . . . . . # 
# . . . . . . . . . . . . . . . . . . . . # 
# . . . . . . . . . . . . . . . . . . . . # 
# . . . . . . . . . . . . . . . . . . . . # 
# . . . . . . . . . . . . . . . . . . . . # 
# . . . . . . . . . . . . . . . . . . . . # 
# . . . . . . . . . . . . . . . . . . . . # 
# . . . . . . . . . . . . . . . . . . . . # 
# . . . . . . . . . . . . . . . . . . . . # 
# . . . . . . . . . . . . . . . . . . . . # 
# . . . . . . . . . . . . . . . . . . . . # 
# # # # # # # # # # # # # # # # # # # # # # 

5,13
5,10
# # # # # # # # # # # # # # # # # # # # # # 
# . . . . . . . . . . . . . . . . . . . . # 
# . . . . . . . . . . . . . . . . . . . . # 
# . . . . . . . . . . . . . . . . . . . . # 
# . . . . . . . . . . . . . . . . . . . . # 
# . . . . . . . . . . . . . . . . . . . . # 
# . . . . . . . . . . x . . o . . . . . . # 
# . . . . . . . . . . . . . . . . . . . . # 
# . . . . . . . . . . . . . . . . . . . . # 
# . . . . . . . . . . . . . . . . . . . . # 
# . . . . . . . . . . . . . . . . . . . . # 
# . . . . . . . . . . . . . . . . . . . . # 
# . . . . . . . . . . . . . . . . . . . . # 
# . . . . . . . . . . . . . . . . . . . . # 
# . . . . . . . . . . . . . . . . . . . . # 
# . . . . . . . . . . . . . . . . . . . . # 
# . . . . . . . . . . . . . . . . . . . . # 
# . . . . . . . . . . . . . . . . . . . . # 
# . . . . . . . . . . . . . . . . . . . . # 
# . . . . . . . . . . . . . . . . . . . . # 
# . . . . . . . . . . . . . . . . . . . . # 
# # # # # # # # # # # # # # # # # # # # # # 
Nueral Output : 0.924952,0.752331

6,14
5,10
# # # # # # # # # # # # # # # # # # # # # # 
# . . . . . . . . . . . . . . . . . . . . # 
# . . . . . . . . . . . . . . . . . . . . # 
# . . . . . . . . . . . . . . . . . . . . # 
# . . . . . . . . . . . . . . . . . . . . # 
# . . . . . . . . . . . . . . . . . . . . # 
# . . . . . . . . . . x . . . . . . . . . # 
# . . . . . . . . . . . . . . o . . . . . # 
# . . . . . . . . . . . . . . . . . . . . # 
# . . . . . . . . . . . . . . . . . . . . # 
# . . . . . . . . . . . . . . . . . . . . # 
# . . . . . . . . . . . . . . . . . . . . # 
# . . . . . . . . . . . . . . . . . . . . # 
# . . . . . . . . . . . . . . . . . . . . # 
# . . . . . . . . . . . . . . . . . . . . # 
# . . . . . . . . . . . . . . . . . . . . # 
# . . . . . . . . . . . . . . . . . . . . # 
# . . . . . . . . . . . . . . . . . . . . # 
# . . . . . . . . . . . . . . . . . . . . # 
# . . . . . . . . . . . . . . . . . . . . # 
# . . . . . . . . . . . . . . . . . . . . # 
# # # # # # # # # # # # # # # # # # # # # # 

6,14
5,10
# # # # # # # # # # # # # # # # # # # # # # 
# . . . . . . . . . . . . . . . . . . . . # 
# . . . . . . . . . . . . . . . . . . . . # 
# . . . . . . . . . . . . . . . . . . . . # 
# . . . . . . . . . . . . . . . . . . . . # 
# . . . . . . . . . . . . . . . . . . . . # 
# . . . . . . . . . . x . . . . . . . . . # 
# . . . . . . . . . . . . . . o . . . . . # 
# . . . . . . . . . . . . . . . . . . . . # 
# . . . . . . . . . . . . . . . . . . . . # 
# . . . . . . . . . . . . . . . . . . . . # 
# . . . . . . . . . . . . . . . . . . . . # 
# . . . . . . . . . . . . . . . . . . . . # 
# . . . . . . . . . . . . . . . . . . . . # 
# . . . . . . . . . . . . . . . . . . . . # 
# . . . . . . . . . . . . . . . . . . . . # 
# . . . . . . . . . . . . . . . . . . . . # 
# . . . . . . . . . . . . . . . . . . . . # 
# . . . . . . . . . . . . . . . . . . . . # 
# . . . . . . . . . . . . . . . . . . . . # 
# . . . . . . . . . . . . . . . . . . . . # 
# # # # # # # # # # # # # # # # # # # # # # 
Nueral Output : 0.925112,0.75277

7,15
5,10
# # # # # # # # # # # # # # # # # # # # # # 
# . . . . . . . . . . . . . . . . . . . . # 
# . . . . . . . . . . . . . . . . . . . . # 
# . . . . . . . . . . . . . . . . . . . . # 
# . . . . . . . . . . . . . . . . . . . . # 
# . . . . . . . . . . . . . . . . . . . . # 
# . . . . . . . . . . x . . . . . . . . . # 
# . . . . . . . . . . . . . . . . . . . . # 
# . . . . . . . . . . . . . . . o . . . . # 
# . . . . . . . . . . . . . . . . . . . . # 
# . . . . . . . . . . . . . . . . . . . . # 
# . . . . . . . . . . . . . . . . . . . . # 
# . . . . . . . . . . . . . . . . . . . . # 
# . . . . . . . . . . . . . . . . . . . . # 
# . . . . . . . . . . . . . . . . . . . . # 
# . . . . . . . . . . . . . . . . . . . . # 
# . . . . . . . . . . . . . . . . . . . . # 
# . . . . . . . . . . . . . . . . . . . . # 
# . . . . . . . . . . . . . . . . . . . . # 
# . . . . . . . . . . . . . . . . . . . . # 
# . . . . . . . . . . . . . . . . . . . . # 
# # # # # # # # # # # # # # # # # # # # # # 

7,15
4,10
# # # # # # # # # # # # # # # # # # # # # # 
# . . . . . . . . . . . . . . . . . . . . # 
# . . . . . . . . . . . . . . . . . . . . # 
# . . . . . . . . . . . . . . . . . . . . # 
# . . . . . . . . . . . . . . . . . . . . # 
# . . . . . . . . . . x . . . . . . . . . # 
# . . . . . . . . . . . . . . . . . . . . # 
# . . . . . . . . . . . . . . . . . . . . # 
# . . . . . . . . . . . . . . . o . . . . # 
# . . . . . . . . . . . . . . . . . . . . # 
# . . . . . . . . . . . . . . . . . . . . # 
# . . . . . . . . . . . . . . . . . . . . # 
# . . . . . . . . . . . . . . . . . . . . # 
# . . . . . . . . . . . . . . . . . . . . # 
# . . . . . . . . . . . . . . . . . . . . # 
# . . . . . . . . . . . . . . . . . . . . # 
# . . . . . . . . . . . . . . . . . . . . # 
# . . . . . . . . . . . . . . . . . . . . # 
# . . . . . . . . . . . . . . . . . . . . # 
# . . . . . . . . . . . . . . . . . . . . # 
# . . . . . . . . . . . . . . . . . . . . # 
# # # # # # # # # # # # # # # # # # # # # # 
Nueral Output : 0.925211,0.753046

8,16
4,10
# # # # # # # # # # # # # # # # # # # # # # 
# . . . . . . . . . . . . . . . . . . . . # 
# . . . . . . . . . . . . . . . . . . . . # 
# . . . . . . . . . . . . . . . . . . . . # 
# . . . . . . . . . . . . . . . . . . . . # 
# . . . . . . . . . . x . . . . . . . . . # 
# . . . . . . . . . . . . . . . . . . . . # 
# . . . . . . . . . . . . . . . . . . . . # 
# . . . . . . . . . . . . . . . . . . . . # 
# . . . . . . . . . . . . . . . . o . . . # 
# . . . . . . . . . . . . . . . . . . . . # 
# . . . . . . . . . . . . . . . . . . . . # 
# . . . . . . . . . . . . . . . . . . . . # 
# . . . . . . . . . . . . . . . . . . . . # 
# . . . . . . . . . . . . . . . . . . . . # 
# . . . . . . . . . . . . . . . . . . . . # 
# . . . . . . . . . . . . . . . . . . . . # 
# . . . . . . . . . . . . . . . . . . . . # 
# . . . . . . . . . . . . . . . . . . . . # 
# . . . . . . . . . . . . . . . . . . . . # 
# . . . . . . . . . . . . . . . . . . . . # 
# # # # # # # # # # # # # # # # # # # # # # 

8,16
4,9
# # # # # # # # # # # # # # # # # # # # # # 
# . . . . . . . . . . . . . . . . . . . . # 
# . . . . . . . . . . . . . . . . . . . . # 
# . . . . . . . . . . . . . . . . . . . . # 
# . . . . . . . . . . . . . . . . . . . . # 
# . . . . . . . . . x . . . . . . . . . . # 
# . . . . . . . . . . . . . . . . . . . . # 
# . . . . . . . . . . . . . . . . . . . . # 
# . . . . . . . . . . . . . . . . . . . . # 
# . . . . . . . . . . . . . . . . o . . . # 
# . . . . . . . . . . . . . . . . . . . . # 
# . . . . . . . . . . . . . . . . . . . . # 
# . . . . . . . . . . . . . . . . . . . . # 
# . . . . . . . . . . . . . . . . . . . . # 
# . . . . . . . . . . . . . . . . . . . . # 
# . . . . . . . . . . . . . . . . . . . . # 
# . . . . . . . . . . . . . . . . . . . . # 
# . . . . . . . . . . . . . . . . . . . . # 
# . . . . . . . . . . . . . . . . . . . . # 
# . . . . . . . . . . . . . . . . . . . . # 
# . . . . . . . . . . . . . . . . . . . . # 
# # # # # # # # # # # # # # # # # # # # # # 
Nueral Output : 0.925146,0.752866

9,17
4,9
# # # # # # # # # # # # # # # # # # # # # # 
# . . . . . . . . . . . . . . . . . . . . # 
# . . . . . . . . . . . . . . . . . . . . # 
# . . . . . . . . . . . . . . . . . . . . # 
# . . . . . . . . . . . . . . . . . . . . # 
# . . . . . . . . . x . . . . . . . . . . # 
# . . . . . . . . . . . . . . . . . . . . # 
# . . . . . . . . . . . . . . . . . . . . # 
# . . . . . . . . . . . . . . . . . . . . # 
# . . . . . . . . . . . . . . . . . . . . # 
# . . . . . . . . . . . . . . . . . o . . # 
# . . . . . . . . . . . . . . . . . . . . # 
# . . . . . . . . . . . . . . . . . . . . # 
# . . . . . . . . . . . . . . . . . . . . # 
# . . . . . . . . . . . . . . . . . . . . # 
# . . . . . . . . . . . . . . . . . . . . # 
# . . . . . . . . . . . . . . . . . . . . # 
# . . . . . . . . . . . . . . . . . . . . # 
# . . . . . . . . . . . . . . . . . . . . # 
# . . . . . . . . . . . . . . . . . . . . # 
# . . . . . . . . . . . . . . . . . . . . # 
# # # # # # # # # # # # # # # # # # # # # # 

9,17
3,9
# # # # # # # # # # # # # # # # # # # # # # 
# . . . . . . . . . . . . . . . . . . . . # 
# . . . . . . . . . . . . . . . . . . . . # 
# . . . . . . . . . . . . . . . . . . . . # 
# . . . . . . . . . x . . . . . . . . . . # 
# . . . . . . . . . . . . . . . . . . . . # 
# . . . . . . . . . . . . . . . . . . . . # 
# . . . . . . . . . . . . . . . . . . . . # 
# . . . . . . . . . . . . . . . . . . . . # 
# . . . . . . . . . . . . . . . . . . . . # 
# . . . . . . . . . . . . . . . . . o . . # 
# . . . . . . . . . . . . . . . . . . . . # 
# . . . . . . . . . . . . . . . . . . . . # 
# . . . . . . . . . . . . . . . . . . . . # 
# . . . . . . . . . . . . . . . . . . . . # 
# . . . . . . . . . . . . . . . . . . . . # 
# . . . . . . . . . . . . . . . . . . . . # 
# . . . . . . . . . . . . . . . . . . . . # 
# . . . . . . . . . . . . . . . . . . . . # 
# . . . . . . . . . . . . . . . . . . . . # 
# . . . . . . . . . . . . . . . . . . . . # 
# # # # # # # # # # # # # # # # # # # # # # 
Nueral Output : 0.925245,0.753138

10,18
3,9
# # # # # # # # # # # # # # # # # # # # # # 
# . . . . . . . . . . . . . . . . . . . . # 
# . . . . . . . . . . . . . . . . . . . . # 
# . . . . . . . . . . . . . . . . . . . . # 
# . . . . . . . . . x . . . . . . . . . . # 
# . . . . . . . . . . . . . . . . . . . . # 
# . . . . . . . . . . . . . . . . . . . . # 
# . . . . . . . . . . . . . . . . . . . . # 
# . . . . . . . . . . . . . . . . . . . . # 
# . . . . . . . . . . . . . . . . . . . . # 
# . . . . . . . . . . . . . . . . . . . . # 
# . . . . . . . . . . . . . . . . . . o . # 
# . . . . . . . . . . . . . . . . . . . . # 
# . . . . . . . . . . . . . . . . . . . . # 
# . . . . . . . . . . . . . . . . . . . . # 
# . . . . . . . . . . . . . . . . . . . . # 
# . . . . . . . . . . . . . . . . . . . . # 
# . . . . . . . . . . . . . . . . . . . . # 
# . . . . . . . . . . . . . . . . . . . . # 
# . . . . . . . . . . . . . . . . . . . . # 
# . . . . . . . . . . . . . . . . . . . . # 
# # # # # # # # # # # # # # # # # # # # # # 

10,18
2,8
# # # # # # # # # # # # # # # # # # # # # # 
# . . . . . . . . . . . . . . . . . . . . # 
# . . . . . . . . . . . . . . . . . . . . # 
# . . . . . . . . x . . . . . . . . . . . # 
# . . . . . . . . . . . . . . . . . . . . # 
# . . . . . . . . . . . . . . . . . . . . # 
# . . . . . . . . . . . . . . . . . . . . # 
# . . . . . . . . . . . . . . . . . . . . # 
# . . . . . . . . . . . . . . . . . . . . # 
# . . . . . . . . . . . . . . . . . . . . # 
# . . . . . . . . . . . . . . . . . . . . # 
# . . . . . . . . . . . . . . . . . . o . # 
# . . . . . . . . . . . . . . . . . . . . # 
# . . . . . . . . . . . . . . . . . . . . # 
# . . . . . . . . . . . . . . . . . . . . # 
# . . . . . . . . . . . . . . . . . . . . # 
# . . . . . . . . . . . . . . . . . . . . # 
# . . . . . . . . . . . . . . . . . . . . # 
# . . . . . . . . . . . . . . . . . . . . # 
# . . . . . . . . . . . . . . . . . . . . # 
# . . . . . . . . . . . . . . . . . . . . # 
# # # # # # # # # # # # # # # # # # # # # # 
Nueral Output : 0.925128,0.752817

11,19
2,8
# # # # # # # # # # # # # # # # # # # # # # 
# . . . . . . . . . . . . . . . . . . . . # 
# . . . . . . . . . . . . . . . . . . . . # 
# . . . . . . . . x . . . . . . . . . . . # 
# . . . . . . . . . . . . . . . . . . . . # 
# . . . . . . . . . . . . . . . . . . . . # 
# . . . . . . . . . . . . . . . . . . . . # 
# . . . . . . . . . . . . . . . . . . . . # 
# . . . . . . . . . . . . . . . . . . . . # 
# . . . . . . . . . . . . . . . . . . . . # 
# . . . . . . . . . . . . . . . . . . . . # 
# . . . . . . . . . . . . . . . . . . . . # 
# . . . . . . . . . . . . . . . . . . . o # 
# . . . . . . . . . . . . . . . . . . . . # 
# . . . . . . . . . . . . . . . . . . . . # 
# . . . . . . . . . . . . . . . . . . . . # 
# . . . . . . . . . . . . . . . . . . . . # 
# . . . . . . . . . . . . . . . . . . . . # 
# . . . . . . . . . . . . . . . . . . . . # 
# . . . . . . . . . . . . . . . . . . . . # 
# . . . . . . . . . . . . . . . . . . . . # 
# # # # # # # # # # # # # # # # # # # # # # 
